Aligning contigs to reference...
	Aligning contigs to the reference
Filtering alignments...
Parsing coords...
Loading reference...
	Loaded [gi_48994873_gb_U00096.2_]
	Total Regions: 1
	Total Region Length: 4639675
Analyzing contigs...
CONTIG: NODE_1_length_4641733_cov_44.921928 (4641733bp)
Best alignment score: 1048259.3 (LEN: 1048469, IDY: 99.98), Total number of alignments: 34
			Looking for the best set of alignments (out of 34 total alignments)
			Skipping redundant alignments after choosing the best set of alignments
		Skipping redundant alignment 273179 274373 | 571366 570172 | 1195 1195 | 100.0 | gi_48994873_gb_U00096.2_ NODE_1_length_4641733_cov_44.921928
		Skipping redundant alignment 2099773 2100970 | 571366 570169 | 1198 1198 | 100.0 | gi_48994873_gb_U00096.2_ NODE_1_length_4641733_cov_44.921928
		Skipping redundant alignment 2064180 2065377 | 571369 570172 | 1198 1198 | 99.58 | gi_48994873_gb_U00096.2_ NODE_1_length_4641733_cov_44.921928
		Skipping redundant alignment 3363574 3364776 | 571370 570168 | 1203 1203 | 100.0 | gi_48994873_gb_U00096.2_ NODE_1_length_4641733_cov_44.921928
		Skipping redundant alignment 687070 688272 | 571370 570168 | 1203 1203 | 100.0 | gi_48994873_gb_U00096.2_ NODE_1_length_4641733_cov_44.921928
		Skipping redundant alignment 1394063 1395266 | 570167 571370 | 1204 1204 | 100.0 | gi_48994873_gb_U00096.2_ NODE_1_length_4641733_cov_44.921928
		Skipping redundant alignment 573809 575012 | 571371 570168 | 1204 1204 | 100.0 | gi_48994873_gb_U00096.2_ NODE_1_length_4641733_cov_44.921928
		Skipping redundant alignment 3128165 3129368 | 570169 571372 | 1204 1204 | 100.0 | gi_48994873_gb_U00096.2_ NODE_1_length_4641733_cov_44.921928
		Skipping redundant alignment 3650053 3651257 | 571372 570168 | 1205 1205 | 100.0 | gi_48994873_gb_U00096.2_ NODE_1_length_4641733_cov_44.921928
		Skipping redundant alignment 19796 20563 | 1143712 1144479 | 768 768 | 100.0 | gi_48994873_gb_U00096.2_ NODE_1_length_4641733_cov_44.921928
		Skipping redundant alignment 289858 290625 | 1143712 1144479 | 768 768 | 98.83 | gi_48994873_gb_U00096.2_ NODE_1_length_4641733_cov_44.921928
		Skipping redundant alignment 3581451 3582219 | 1144479 1143711 | 769 769 | 100.0 | gi_48994873_gb_U00096.2_ NODE_1_length_4641733_cov_44.921928
		Skipping redundant alignment 278386 279154 | 1143711 1144479 | 769 769 | 98.83 | gi_48994873_gb_U00096.2_ NODE_1_length_4641733_cov_44.921928
		Skipping redundant alignment 1048999 1049769 | 1144481 1143711 | 771 771 | 98.83 | gi_48994873_gb_U00096.2_ NODE_1_length_4641733_cov_44.921928
		Skipping redundant alignment 1976527 1977294 | 4170642 4171409 | 768 768 | 100.0 | gi_48994873_gb_U00096.2_ NODE_1_length_4641733_cov_44.921928
		Skipping redundant alignment 1049001 1049768 | 4171409 4170642 | 768 768 | 98.83 | gi_48994873_gb_U00096.2_ NODE_1_length_4641733_cov_44.921928
		Skipping redundant alignment 278387 279154 | 4170642 4171409 | 768 768 | 98.83 | gi_48994873_gb_U00096.2_ NODE_1_length_4641733_cov_44.921928
		Skipping redundant alignment 289858 290625 | 4170642 4171409 | 768 768 | 98.83 | gi_48994873_gb_U00096.2_ NODE_1_length_4641733_cov_44.921928
		Skipping redundant alignment 3581450 3582218 | 4171410 4170642 | 769 769 | 100.0 | gi_48994873_gb_U00096.2_ NODE_1_length_4641733_cov_44.921928
		This contig has several significant sets of alignments. [An ambiguously mapped contig]
		Using only the very best set (option --ambiguity-usage is set to "one").
			The best set is below. Score: 4638340.9, number of alignments: 15, unaligned bases: 986
		This contig is misassembled.
			Real Alignment 1: 728748 779830 | 1 51082 | 51083 51082 | 99.77 | gi_48994873_gb_U00096.2_ NODE_1_length_4641733_cov_44.921928
			  Incorrectly estimated size of scaffold gap between these two alignments: gap length difference = -17 (local)
			Excluding internal overlap of size 442 between Alignment 2 and 3: 1096184 1298721 | 367634 570171 | 202538 202538 --> 1096626 1298721 | 368076 570171 | 202096 202096
			Real Alignment 2: 780800 1096806 | 52069 368075 | 316007 316007 | 100.0 | gi_48994873_gb_U00096.2_ NODE_1_length_4641733_cov_44.921928
			  Overlap between these two alignments (local misassembly). Inconsistency = -181
			Real Alignment 3: 1096626 1298721 | 368076 570171 | 202096 202096 | 99.99 | gi_48994873_gb_U00096.2_ NODE_1_length_4641733_cov_44.921928
			  Extensive misassembly (relocation, inconsistency = 988219) between these two alignments
			Real Alignment 4: 2286941 2288135 | 571366 570172 | 1195 1195 | 100.0 | gi_48994873_gb_U00096.2_ NODE_1_length_4641733_cov_44.921928
			  Extensive misassembly (relocation, inconsistency = 415877) between these two alignments
			Real Alignment 5: 1298718 1871063 | 571367 1143711 | 572346 572345 | 99.99 | gi_48994873_gb_U00096.2_ NODE_1_length_4641733_cov_44.921928
			  Extensive misassembly (relocation, inconsistency = 105463) between these two alignments
			Excluding internal overlap of size 1 between Alignment 6 and 7: 1976527 1977295 | 1143712 1144480 | 769 769 --> 1976527 1977294 | 1143712 1144479 | 768 768
			Real Alignment 6: 1976527 1977294 | 1143712 1144479 | 768 768 | 100.0 | gi_48994873_gb_U00096.2_ NODE_1_length_4641733_cov_44.921928
			  Extensive misassembly (relocation, inconsistency = -106240) between these two alignments
			Excluding internal overlap of size 2585 between Alignment 7 and 8: 1871055 2660514 | 1144480 1933943 | 789460 789464 --> 1871055 2657929 | 1144480 1931358 | 786875 786879
			Real Alignment 7: 1871055 2657929 | 1144480 1931358 | 786875 786879 | 99.99 | gi_48994873_gb_U00096.2_ NODE_1_length_4641733_cov_44.921928
			  Stretch of 0 mismatches between these two alignments (number of Ns: 0)
			Excluding internal overlap of size 108 between Alignment 8 and 9: 3706550 4294345 | 2979720 3567515 | 587796 587796 --> 3706658 4294345 | 2979828 3567515 | 587688 587688
			Real Alignment 8: 2657930 3706489 | 1931359 2979827 | 1048560 1048469 | 99.98 | gi_48994873_gb_U00096.2_ NODE_1_length_4641733_cov_44.921928
			  Gap between these two alignments (local misassembly). Inconsistency = 168
			Excluding internal overlap of size 488 between Alignment 9 and 10: 4293971 4639675 | 3567028 3912735 | 345705 345708 --> 4294457 4639675 | 3567516 3912735 | 345219 345220
			Real Alignment 9: 3706658 4294345 | 2979828 3567515 | 587688 587688 | 99.98 | gi_48994873_gb_U00096.2_ NODE_1_length_4641733_cov_44.921928
			  Gap between these two alignments (local misassembly). Inconsistency = 111
			Real Alignment 10: 4294457 4639675 | 3567516 3912735 | 345219 345220 | 100.0 | gi_48994873_gb_U00096.2_ NODE_1_length_4641733_cov_44.921928
			  Not a misassembly [linear representation of circular genome] between these two alignments
			Real Alignment 11: 1 257907 | 3912736 4170641 | 257907 257906 | 99.99 | gi_48994873_gb_U00096.2_ NODE_1_length_4641733_cov_44.921928
			  Extensive misassembly (relocation, inconsistency = -238112) between these two alignments
			Excluding internal overlap of size 1 between Alignment 12 and 13: 19796 20564 | 4170642 4171410 | 769 769 --> 19796 20563 | 4170642 4171409 | 768 768
			Real Alignment 12: 19796 20563 | 4170642 4171409 | 768 768 | 100.0 | gi_48994873_gb_U00096.2_ NODE_1_length_4641733_cov_44.921928
			  Extensive misassembly (relocation, inconsistency = 237336) between these two alignments
			Excluding internal overlap of size 174 between Alignment 13 and 14: 339166 356898 | 4252490 4270222 | 17733 17733 --> 339340 356898 | 4252664 4270222 | 17559 17559
			Real Alignment 13: 257900 339154 | 4171410 4252663 | 81255 81254 | 99.97 | gi_48994873_gb_U00096.2_ NODE_1_length_4641733_cov_44.921928
			  Gap between these two alignments (local misassembly). Inconsistency = 185
			Excluding internal overlap of size 199 between Alignment 14 and 15: 339340 356898 | 4252664 4270222 | 17559 17559 --> 339340 356699 | 4252664 4270023 | 17360 17360
			Real Alignment 14: 339340 356699 | 4252664 4270023 | 17360 17360 | 99.95 | gi_48994873_gb_U00096.2_ NODE_1_length_4641733_cov_44.921928
			  Gap between these two alignments (local misassembly). Inconsistency = 200
			Real Alignment 15: 356900 728608 | 4270024 4641733 | 371709 371710 | 100.0 | gi_48994873_gb_U00096.2_ NODE_1_length_4641733_cov_44.921928

CONTIG: NODE_2_length_542_cov_1.014374 (542bp)
		This contig is unaligned. (542 bp)
		Unaligned bases: 542 (number of Ns: 0)

Analyzing coverage...
Writing SNPs into /Users/alexey/PycharmProjects/NGS-Homeworks/data/5/quast_out/contigs_reports/minimap_output/illumina_pacbio_40x.used_snps.gz

Analysis is finished!
Founded SNPs were written into /Users/alexey/PycharmProjects/NGS-Homeworks/data/5/quast_out/contigs_reports/minimap_output/illumina_pacbio_40x.used_snps.gz

Results:
	Local Misassemblies: 5
	Misassemblies: 6
		Relocations: 6
		Translocations: 0
		Inversions: 0
	Scaffold gap extensive misassemblies: 0
	Scaffold gap local misassemblies: 1
	Misassembled Contigs: 1
	Misassembled Contig Bases: 4641733
	Misassemblies Inter-Contig Overlap: 0
Unaligned Contigs: 1 + 0 part
Half Unaligned Contigs with Misassemblies: 0
Unaligned Contig Bases: 542

Ambiguously Mapped Contigs: 1
Total Bases in Ambiguously Mapped Contigs: 4641733
Extra Bases in Ambiguously Mapped Contigs: 0
Note that --allow-ambiguity option was set to "one" and only first alignment per each of these contigs was used.

	Covered Bases: 4637903

	SNPs: 446
	Insertions: 47
	Deletions: 136

