Aligning contigs to reference...
	Aligning contigs to the reference
Filtering alignments...
Parsing coords...
Loading reference...
	Loaded [gi_48994873_gb_U00096.2_]
	Total Regions: 1
	Total Region Length: 4639675
Analyzing contigs...
CONTIG: tig00000001 (751505bp)
Best alignment score: 483790.8 (LEN: 484372, IDY: 99.88), Total number of alignments: 15
			Looking for the best set of alignments (out of 15 total alignments)
			Skipping redundant alignments after choosing the best set of alignments
		Skipping redundant alignment 273179 274373 | 484373 485567 | 1195 1195 | 100.0 | gi_48994873_gb_U00096.2_ tig00000001
		Skipping redundant alignment 2064180 2065377 | 484370 485567 | 1198 1198 | 99.58 | gi_48994873_gb_U00096.2_ tig00000001
		Skipping redundant alignment 2099773 2100970 | 484373 485570 | 1198 1198 | 100.0 | gi_48994873_gb_U00096.2_ tig00000001
		Skipping redundant alignment 3128165 3129368 | 485570 484367 | 1204 1204 | 100.0 | gi_48994873_gb_U00096.2_ tig00000001
		Skipping redundant alignment 3363574 3364776 | 484369 485571 | 1203 1203 | 100.0 | gi_48994873_gb_U00096.2_ tig00000001
		Skipping redundant alignment 687070 688272 | 484369 485571 | 1203 1203 | 100.0 | gi_48994873_gb_U00096.2_ tig00000001
		Skipping redundant alignment 573809 575012 | 484368 485571 | 1204 1204 | 100.0 | gi_48994873_gb_U00096.2_ tig00000001
		Skipping redundant alignment 3650053 3651257 | 484367 485571 | 1205 1205 | 100.0 | gi_48994873_gb_U00096.2_ tig00000001
		Skipping redundant alignment 1394063 1395266 | 485572 484369 | 1204 1204 | 100.0 | gi_48994873_gb_U00096.2_ tig00000001
		This contig has several significant sets of alignments. [An ambiguously mapped contig]
		Using only the very best set (option --ambiguity-usage is set to "one").
			The best set is below. Score: 749614.4, number of alignments: 6, unaligned bases: 0
		This contig is misassembled.
			Real Alignment 1: 1298718 1783535 | 484372 1 | 484818 484372 | 99.88 | gi_48994873_gb_U00096.2_ tig00000001
			  Extensive misassembly (relocation, inconsistency = 503405) between these two alignments
			Real Alignment 2: 2286941 2288135 | 484373 485567 | 1195 1195 | 100.0 | gi_48994873_gb_U00096.2_ tig00000001
			  Extensive misassembly (relocation, inconsistency = 988219) between these two alignments
			Real Alignment 3: 1208826 1298721 | 575405 485568 | 89896 89838 | 99.92 | gi_48994873_gb_U00096.2_ tig00000001
			  Extensive misassembly (inversion) between these two alignments
			Real Alignment 4: 1207029 1208825 | 575406 577201 | 1797 1796 | 99.94 | gi_48994873_gb_U00096.2_ tig00000001
			  Extensive misassembly (inversion) between these two alignments
			Excluding internal overlap of size 441 between Alignment 5 and 6: 1032740 1096806 | 751505 687495 | 64067 64011 --> 1032740 1096364 | 751505 687936 | 63625 63570
			Real Alignment 5: 1096184 1207028 | 687935 577202 | 110845 110734 | 99.88 | gi_48994873_gb_U00096.2_ tig00000001
			  Overlap between these two alignments (local misassembly). Inconsistency = -181
			Real Alignment 6: 1032740 1096364 | 751505 687936 | 63625 63570 | 99.91 | gi_48994873_gb_U00096.2_ tig00000001

CONTIG: tig00000003 (454681bp)
Best alignment score: 238725.3 (LEN: 239036, IDY: 99.87), Total number of alignments: 2
			Looking for the best set of alignments (out of 2 total alignments)
			The best set is below. Score: 453993.7, number of alignments: 2, unaligned bases: 10
		This contig is misassembled.
			Real Alignment 1: 4400377 4639675 | 11 239046 | 239299 239036 | 99.87 | gi_48994873_gb_U00096.2_ tig00000003
			  Not a misassembly [linear representation of circular genome] between these two alignments
			Real Alignment 2: 1 215899 | 239047 454681 | 215899 215635 | 99.83 | gi_48994873_gb_U00096.2_ tig00000003

CONTIG: tig00000004 (434370bp)
Best alignment score: 433801.3 (LEN: 434366, IDY: 99.87), Total number of alignments: 1
		One align captures most of this contig: 3072811 3507547 | 5 434370 | 434737 434366 | 99.87 | gi_48994873_gb_U00096.2_ tig00000004

CONTIG: tig00000005 (410847bp)
Best alignment score: 410312.9 (LEN: 410847, IDY: 99.87), Total number of alignments: 1
		One align captures most of this contig: 3541742 3952991 | 410847 1 | 411250 410847 | 99.87 | gi_48994873_gb_U00096.2_ tig00000005

CONTIG: tig00000006 (272518bp)
Best alignment score: 272054.7 (LEN: 272518, IDY: 99.83), Total number of alignments: 1
		One align captures most of this contig: 2301786 2574639 | 272518 1 | 272854 272518 | 99.83 | gi_48994873_gb_U00096.2_ tig00000006

CONTIG: tig00000007 (143410bp)
Best alignment score: 110428.7 (LEN: 110650, IDY: 99.80), Total number of alignments: 8
			Looking for the best set of alignments (out of 8 total alignments)
			Skipping redundant alignments after choosing the best set of alignments
		Skipping redundant alignment 1976527 1977294 | 111418 110651 | 768 768 | 100.0 | gi_48994873_gb_U00096.2_ tig00000007
		Skipping redundant alignment 278387 279154 | 111418 110651 | 768 768 | 98.83 | gi_48994873_gb_U00096.2_ tig00000007
		Skipping redundant alignment 289858 290625 | 111418 110651 | 768 768 | 98.83 | gi_48994873_gb_U00096.2_ tig00000007
		Skipping redundant alignment 1049001 1049768 | 110651 111418 | 768 768 | 98.83 | gi_48994873_gb_U00096.2_ tig00000007
		Skipping redundant alignment 3581450 3582218 | 110650 111418 | 769 769 | 100.0 | gi_48994873_gb_U00096.2_ tig00000007
		This contig has several significant sets of alignments. [An ambiguously mapped contig]
		Using only the very best set (option --ambiguity-usage is set to "one").
			The best set is below. Score: 142659.3, number of alignments: 3, unaligned bases: 0
		This contig is misassembled.
			Excluding internal overlap of size 1 between Alignment 1 and 2: 19796 20564 | 111418 110650 | 769 769 --> 19796 20563 | 111418 110651 | 768 768
			Real Alignment 1: 257900 368720 | 110650 1 | 110821 110650 | 99.8 | gi_48994873_gb_U00096.2_ tig00000007
			  Extensive misassembly (relocation, inconsistency = 237336) between these two alignments
			Real Alignment 2: 19796 20563 | 111418 110651 | 768 768 | 100.0 | gi_48994873_gb_U00096.2_ tig00000007
			  Extensive misassembly (relocation, inconsistency = -238112) between these two alignments
			Real Alignment 3: 225887 257907 | 143410 111419 | 32021 31992 | 99.91 | gi_48994873_gb_U00096.2_ tig00000007

CONTIG: tig00000008 (46350bp)
Best alignment score: 45375.2 (LEN: 45617, IDY: 99.47), Total number of alignments: 2
			Looking for the best set of alignments (out of 2 total alignments)
		This contig has several significant sets of alignments. [An ambiguously mapped contig]
		Using only the very best set (option --ambiguity-usage is set to "one").
			The best set is below. Score: 45602.3, number of alignments: 2, unaligned bases: 0
		This contig is misassembled.
			Excluding internal overlap of size 5224 between Alignment 1 and 2: 4164536 4170517 | 40394 46350 | 5982 5957 --> 4169785 4170517 | 45618 46350 | 733 733
			Real Alignment 1: 4165535 4211187 | 1 45617 | 45653 45617 | 99.47 | gi_48994873_gb_U00096.2_ tig00000008
			  Extensive misassembly (relocation, inconsistency = -41403) between these two alignments
			Real Alignment 2: 4169785 4170517 | 45618 46350 | 733 733 | 99.05 | gi_48994873_gb_U00096.2_ tig00000008

CONTIG: tig00000009 (211947bp)
Best alignment score: 211692.7 (LEN: 211947, IDY: 99.88), Total number of alignments: 1
		One align captures most of this contig: 2859463 3071621 | 1 211947 | 212159 211947 | 99.88 | gi_48994873_gb_U00096.2_ tig00000009

CONTIG: tig00000010 (200681bp)
Best alignment score: 200400.0 (LEN: 200681, IDY: 99.86), Total number of alignments: 1
		One align captures most of this contig: 504369 705243 | 200681 1 | 200875 200681 | 99.86 | gi_48994873_gb_U00096.2_ tig00000010

CONTIG: tig00000011 (166755bp)
Best alignment score: 86927.0 (LEN: 87014, IDY: 99.90), Total number of alignments: 8
			Looking for the best set of alignments (out of 8 total alignments)
			Skipping redundant alignments after choosing the best set of alignments
		Skipping redundant alignment 19796 20563 | 79741 78974 | 768 768 | 100.0 | gi_48994873_gb_U00096.2_ tig00000011
		Skipping redundant alignment 289858 290625 | 79741 78974 | 768 768 | 98.83 | gi_48994873_gb_U00096.2_ tig00000011
		Skipping redundant alignment 3581451 3582219 | 78974 79742 | 769 769 | 100.0 | gi_48994873_gb_U00096.2_ tig00000011
		Skipping redundant alignment 278386 279154 | 79742 78974 | 769 769 | 98.83 | gi_48994873_gb_U00096.2_ tig00000011
		Skipping redundant alignment 1048999 1049769 | 78972 79742 | 771 771 | 98.83 | gi_48994873_gb_U00096.2_ tig00000011
		This contig has several significant sets of alignments. [An ambiguously mapped contig]
		Using only the very best set (option --ambiguity-usage is set to "one").
			The best set is below. Score: 166088.5, number of alignments: 3, unaligned bases: 0
		This contig is misassembled.
			Excluding internal overlap of size 1 between Alignment 1 and 2: 1976527 1977295 | 79741 78973 | 769 769 --> 1976527 1977294 | 79741 78974 | 768 768
			Real Alignment 1: 1871055 1950086 | 78973 1 | 79032 78973 | 99.9 | gi_48994873_gb_U00096.2_ tig00000011
			  Extensive misassembly (relocation, inconsistency = -106240) between these two alignments
			Real Alignment 2: 1976527 1977294 | 79741 78974 | 768 768 | 100.0 | gi_48994873_gb_U00096.2_ tig00000011
			  Extensive misassembly (relocation, inconsistency = 105463) between these two alignments
			Real Alignment 3: 1783982 1871063 | 166755 79742 | 87082 87014 | 99.9 | gi_48994873_gb_U00096.2_ tig00000011

CONTIG: tig00000012 (105414bp)
Best alignment score: 91193.1 (LEN: 91257, IDY: 99.93), Total number of alignments: 2
			Looking for the best set of alignments (out of 2 total alignments)
			The best set is below. Score: 105231.3, number of alignments: 2, unaligned bases: 0
		This contig is misassembled.
			Excluding internal overlap of size 487 between Alignment 1 and 2: 4293971 4308639 | 90771 105414 | 14669 14644 --> 4294457 4308639 | 91258 105414 | 14183 14157
			Real Alignment 1: 4203031 4294345 | 1 91257 | 91315 91257 | 99.93 | gi_48994873_gb_U00096.2_ tig00000012
			  Gap between these two alignments (local misassembly). Inconsistency = 111
			Real Alignment 2: 4294457 4308639 | 91258 105414 | 14183 14157 | 99.5 | gi_48994873_gb_U00096.2_ tig00000012

CONTIG: tig00000013 (132531bp)
Best alignment score: 132305.7 (LEN: 132531, IDY: 99.83), Total number of alignments: 1
		One align captures most of this contig: 369858 502553 | 132531 1 | 132696 132531 | 99.83 | gi_48994873_gb_U00096.2_ tig00000013

CONTIG: tig00000014 (142110bp)
Best alignment score: 141882.6 (LEN: 142110, IDY: 99.84), Total number of alignments: 1
		One align captures most of this contig: 2698667 2840950 | 142110 1 | 142284 142110 | 99.84 | gi_48994873_gb_U00096.2_ tig00000014

CONTIG: tig00000015 (120357bp)
Best alignment score: 120104.3 (LEN: 120357, IDY: 99.79), Total number of alignments: 1
		One align captures most of this contig: 2575304 2695830 | 120357 1 | 120527 120357 | 99.79 | gi_48994873_gb_U00096.2_ tig00000015

CONTIG: tig00000016 (120747bp)
Best alignment score: 120505.5 (LEN: 120747, IDY: 99.80), Total number of alignments: 1
		One align captures most of this contig: 807280 928202 | 120747 1 | 120923 120747 | 99.8 | gi_48994873_gb_U00096.2_ tig00000016

CONTIG: tig00000017 (113772bp)
Best alignment score: 113533.1 (LEN: 113772, IDY: 99.79), Total number of alignments: 1
		One align captures most of this contig: 4047293 4161219 | 1 113772 | 113927 113772 | 99.79 | gi_48994873_gb_U00096.2_ tig00000017

CONTIG: tig00000018 (93076bp)
Best alignment score: 92964.3 (LEN: 93076, IDY: 99.88), Total number of alignments: 1
		One align captures most of this contig: 2060102 2153265 | 93076 1 | 93164 93076 | 99.88 | gi_48994873_gb_U00096.2_ tig00000018

CONTIG: tig00000019 (107489bp)
Best alignment score: 107370.8 (LEN: 107489, IDY: 99.89), Total number of alignments: 1
		One align captures most of this contig: 1951934 2059507 | 1 107489 | 107574 107489 | 99.89 | gi_48994873_gb_U00096.2_ tig00000019

CONTIG: tig00000020 (104183bp)
Best alignment score: 104058.0 (LEN: 104183, IDY: 99.88), Total number of alignments: 1
		One align captures most of this contig: 2195878 2300153 | 1 104183 | 104276 104183 | 99.88 | gi_48994873_gb_U00096.2_ tig00000020

CONTIG: tig00000021 (93252bp)
Best alignment score: 93084.1 (LEN: 93252, IDY: 99.82), Total number of alignments: 1
		One align captures most of this contig: 3952548 4045902 | 93252 1 | 93355 93252 | 99.82 | gi_48994873_gb_U00096.2_ tig00000021

CONTIG: tig00000022 (100915bp)
Best alignment score: 100693.0 (LEN: 100915, IDY: 99.78), Total number of alignments: 1
		One align captures most of this contig: 706202 807219 | 100915 1 | 101018 100915 | 99.78 | gi_48994873_gb_U00096.2_ tig00000022

CONTIG: tig00000023 (87625bp)
Best alignment score: 87493.6 (LEN: 87625, IDY: 99.85), Total number of alignments: 1
		One align captures most of this contig: 4310775 4398500 | 1 87625 | 87726 87625 | 99.85 | gi_48994873_gb_U00096.2_ tig00000023

CONTIG: tig00000024 (68629bp)
Best alignment score: 68553.5 (LEN: 68629, IDY: 99.89), Total number of alignments: 1
		One align captures most of this contig: 956564 1025251 | 1 68629 | 68688 68629 | 99.89 | gi_48994873_gb_U00096.2_ tig00000024

CONTIG: tig00000026 (42771bp)
Best alignment score: 42681.2 (LEN: 42771, IDY: 99.79), Total number of alignments: 1
		One align captures most of this contig: 2152931 2195749 | 1 42771 | 42819 42771 | 99.79 | gi_48994873_gb_U00096.2_ tig00000026

CONTIG: tig00000027 (31786bp)
Best alignment score: 31677.9 (LEN: 31786, IDY: 99.66), Total number of alignments: 1
		One align captures most of this contig: 3508114 3539975 | 1 31786 | 31862 31786 | 99.66 | gi_48994873_gb_U00096.2_ tig00000027

CONTIG: tig00000028 (26363bp)
Best alignment score: 26328.7 (LEN: 26363, IDY: 99.87), Total number of alignments: 1
		One align captures most of this contig: 929680 956074 | 1 26363 | 26395 26363 | 99.87 | gi_48994873_gb_U00096.2_ tig00000028

CONTIG: tig00000029 (15447bp)
Best alignment score: 15397.6 (LEN: 15447, IDY: 99.68), Total number of alignments: 1
		One align captures most of this contig: 2842333 2857805 | 1 15447 | 15473 15447 | 99.68 | gi_48994873_gb_U00096.2_ tig00000029

Analyzing coverage...
Writing SNPs into /Users/alexey/PycharmProjects/NGS-Homeworks/data/5/quast_out/contigs_reports/minimap_output/pacbio_20x.used_snps.gz

Analysis is finished!
Founded SNPs were written into /Users/alexey/PycharmProjects/NGS-Homeworks/data/5/quast_out/contigs_reports/minimap_output/pacbio_20x.used_snps.gz

Results:
	Local Misassemblies: 2
	Misassemblies: 9
		Relocations: 7
		Translocations: 0
		Inversions: 2
	Scaffold gap extensive misassemblies: 0
	Scaffold gap local misassemblies: 0
	Misassembled Contigs: 4
	Misassembled Contig Bases: 1108020
	Misassemblies Inter-Contig Overlap: 0
Unaligned Contigs: 0 + 0 part
Half Unaligned Contigs with Misassemblies: 0
Unaligned Contig Bases: 0

Ambiguously Mapped Contigs: 4
Total Bases in Ambiguously Mapped Contigs: 1108020
Extra Bases in Ambiguously Mapped Contigs: 0
Note that --allow-ambiguity option was set to "one" and only first alignment per each of these contigs was used.

	Covered Bases: 4591730

	SNPs: 199
	Insertions: 931
	Deletions: 5746

