Aligning contigs to reference...
	Aligning contigs to the reference
Filtering alignments...
Parsing coords...
Loading reference...
	Loaded [gi_48994873_gb_U00096.2_]
	Total Regions: 1
	Total Region Length: 4639675
Analyzing contigs...
CONTIG: tig00000001 (4651851bp)
Best alignment score: 2161295.4 (LEN: 2161944, IDY: 99.97), Total number of alignments: 31
			Looking for the best set of alignments (out of 31 total alignments)
			Skipping redundant alignments after choosing the best set of alignments
		Skipping redundant alignment 19796 20563 | 2162712 2161945 | 768 768 | 100.0 | gi_48994873_gb_U00096.2_ tig00000001
		Skipping redundant alignment 289858 290625 | 2162712 2161945 | 768 768 | 98.83 | gi_48994873_gb_U00096.2_ tig00000001
		Skipping redundant alignment 3581451 3582219 | 2161945 2162713 | 769 769 | 100.0 | gi_48994873_gb_U00096.2_ tig00000001
		Skipping redundant alignment 278386 279154 | 2162713 2161945 | 769 769 | 98.83 | gi_48994873_gb_U00096.2_ tig00000001
		Skipping redundant alignment 1048999 1049769 | 2161943 2162713 | 771 771 | 98.83 | gi_48994873_gb_U00096.2_ tig00000001
		Skipping redundant alignment 273179 274373 | 2734929 2736122 | 1195 1194 | 99.92 | gi_48994873_gb_U00096.2_ tig00000001
		Skipping redundant alignment 2064180 2065377 | 2734926 2736122 | 1198 1197 | 99.5 | gi_48994873_gb_U00096.2_ tig00000001
		Skipping redundant alignment 2099773 2100970 | 2734929 2736125 | 1198 1197 | 99.92 | gi_48994873_gb_U00096.2_ tig00000001
		Skipping redundant alignment 3128165 3129368 | 2736125 2734923 | 1204 1203 | 99.92 | gi_48994873_gb_U00096.2_ tig00000001
		Skipping redundant alignment 687070 688272 | 2734925 2736126 | 1203 1202 | 99.92 | gi_48994873_gb_U00096.2_ tig00000001
		Skipping redundant alignment 3363574 3364776 | 2734925 2736126 | 1203 1202 | 99.92 | gi_48994873_gb_U00096.2_ tig00000001
		Skipping redundant alignment 573809 575012 | 2734924 2736126 | 1204 1203 | 99.92 | gi_48994873_gb_U00096.2_ tig00000001
		Skipping redundant alignment 3650053 3651257 | 2734923 2736126 | 1205 1204 | 99.92 | gi_48994873_gb_U00096.2_ tig00000001
		Skipping redundant alignment 1394063 1395266 | 2736127 2734925 | 1204 1203 | 99.92 | gi_48994873_gb_U00096.2_ tig00000001
		Skipping redundant alignment 1976527 1977294 | 3777578 3776811 | 768 768 | 100.0 | gi_48994873_gb_U00096.2_ tig00000001
		Skipping redundant alignment 278387 279154 | 3777578 3776811 | 768 768 | 98.83 | gi_48994873_gb_U00096.2_ tig00000001
		Skipping redundant alignment 1049001 1049768 | 3776811 3777578 | 768 768 | 98.83 | gi_48994873_gb_U00096.2_ tig00000001
		Skipping redundant alignment 289858 290625 | 3777578 3776811 | 768 768 | 98.83 | gi_48994873_gb_U00096.2_ tig00000001
		Skipping redundant alignment 3581450 3582218 | 3776810 3777578 | 769 769 | 100.0 | gi_48994873_gb_U00096.2_ tig00000001
		This contig has several significant sets of alignments. [An ambiguously mapped contig]
		Using only the very best set (option --ambiguity-usage is set to "one").
			The best set is below. Score: 4648375.5, number of alignments: 12, unaligned bases: 0
		This contig is misassembled.
			Excluding internal overlap of size 1 between Alignment 1 and 2: 1976527 1977295 | 2162712 2161944 | 769 769 --> 1976527 1977294 | 2162712 2161945 | 768 768
			Real Alignment 1: 1871055 4033597 | 2161944 1 | 2162543 2161944 | 99.97 | gi_48994873_gb_U00096.2_ tig00000001
			  Extensive misassembly (relocation, inconsistency = -106240) between these two alignments
			Real Alignment 2: 1976527 1977294 | 2162712 2161945 | 768 768 | 100.0 | gi_48994873_gb_U00096.2_ tig00000001
			  Extensive misassembly (relocation, inconsistency = 105463) between these two alignments
			Real Alignment 3: 1298718 1871063 | 2734928 2162713 | 572346 572216 | 99.98 | gi_48994873_gb_U00096.2_ tig00000001
			  Extensive misassembly (relocation, inconsistency = 415877) between these two alignments
			Real Alignment 4: 2286941 2288135 | 2734929 2736122 | 1195 1194 | 99.92 | gi_48994873_gb_U00096.2_ tig00000001
			  Extensive misassembly (relocation, inconsistency = 988219) between these two alignments
			Real Alignment 5: 1208826 1298721 | 2825998 2736123 | 89896 89876 | 99.98 | gi_48994873_gb_U00096.2_ tig00000001
			  Extensive misassembly (inversion) between these two alignments
			Real Alignment 6: 1207029 1208825 | 2825999 2827793 | 1797 1795 | 99.89 | gi_48994873_gb_U00096.2_ tig00000001
			  Extensive misassembly (inversion) between these two alignments
			Excluding internal overlap of size 441 between Alignment 7 and 8: 1096184 1207028 | 2938591 2827794 | 110845 110798 --> 1096626 1207028 | 2938150 2827794 | 110403 110357
			Real Alignment 7: 1096626 1207028 | 2938150 2827794 | 110403 110357 | 99.95 | gi_48994873_gb_U00096.2_ tig00000001
			  Overlap between these two alignments (local misassembly). Inconsistency = -181
			Excluding internal overlap of size 1 between Alignment 8 and 9: 19796 20564 | 3777578 3776810 | 769 769 --> 19796 20563 | 3777578 3776811 | 768 768
			Real Alignment 8: 257900 1096806 | 3776810 2938151 | 838907 838660 | 99.97 | gi_48994873_gb_U00096.2_ tig00000001
			  Extensive misassembly (relocation, inconsistency = 237336) between these two alignments
			Real Alignment 9: 19796 20563 | 3777578 3776811 | 768 768 | 100.0 | gi_48994873_gb_U00096.2_ tig00000001
			  Extensive misassembly (relocation, inconsistency = -238112) between these two alignments
			Real Alignment 10: 1 257907 | 4035415 3777579 | 257907 257837 | 99.97 | gi_48994873_gb_U00096.2_ tig00000001
			  Not a misassembly [linear representation of circular genome] between these two alignments
			Excluding internal overlap of size 488 between Alignment 11 and 12: 4022948 4294345 | 4651851 4380546 | 271398 271306 --> 4022948 4293857 | 4651851 4381034 | 270910 270818
			Real Alignment 11: 4293971 4639675 | 4381033 4035416 | 345705 345618 | 99.97 | gi_48994873_gb_U00096.2_ tig00000001
			  Gap between these two alignments (local misassembly). Inconsistency = 113
			Real Alignment 12: 4022948 4293857 | 4651851 4381034 | 270910 270818 | 99.96 | gi_48994873_gb_U00096.2_ tig00000001

CONTIG: tig00000005 (8430bp)
Best alignment score: 8407.2 (LEN: 8430, IDY: 99.73), Total number of alignments: 1
		One align captures most of this contig: 1208386 1216823 | 8430 1 | 8438 8430 | 99.73 | gi_48994873_gb_U00096.2_ tig00000005

Analyzing coverage...
Writing SNPs into /Users/alexey/PycharmProjects/NGS-Homeworks/data/5/quast_out/contigs_reports/minimap_output/pacbio_40x.used_snps.gz

Analysis is finished!
Founded SNPs were written into /Users/alexey/PycharmProjects/NGS-Homeworks/data/5/quast_out/contigs_reports/minimap_output/pacbio_40x.used_snps.gz

Results:
	Local Misassemblies: 2
	Misassemblies: 8
		Relocations: 6
		Translocations: 0
		Inversions: 2
	Scaffold gap extensive misassemblies: 0
	Scaffold gap local misassemblies: 0
	Misassembled Contigs: 1
	Misassembled Contig Bases: 4651851
	Misassemblies Inter-Contig Overlap: 0
Unaligned Contigs: 0 + 0 part
Half Unaligned Contigs with Misassemblies: 0
Unaligned Contig Bases: 0

Ambiguously Mapped Contigs: 1
Total Bases in Ambiguously Mapped Contigs: 4651851
Extra Bases in Ambiguously Mapped Contigs: 0
Note that --allow-ambiguity option was set to "one" and only first alignment per each of these contigs was used.

	Covered Bases: 4639562

	SNPs: 52
	Insertions: 51
	Deletions: 1353

