Aligning contigs to reference...
	Aligning contigs to the reference
Filtering alignments...
Parsing coords...
Loading reference...
	Loaded [gi_48994873_gb_U00096.2_]
	Total Regions: 1
	Total Region Length: 4639675
Analyzing contigs...
CONTIG: tig00000001 (4653172bp)
Best alignment score: 2378588.1 (LEN: 2378826, IDY: 99.99), Total number of alignments: 31
			Looking for the best set of alignments (out of 31 total alignments)
			Skipping redundant alignments after choosing the best set of alignments
		Skipping redundant alignment 1976527 1977294 | 2981898 2982665 | 768 768 | 100.0 | gi_48994873_gb_U00096.2_ tig00000001
		Skipping redundant alignment 278387 279154 | 2981898 2982665 | 768 768 | 98.83 | gi_48994873_gb_U00096.2_ tig00000001
		Skipping redundant alignment 289858 290625 | 2981898 2982665 | 768 768 | 98.83 | gi_48994873_gb_U00096.2_ tig00000001
		Skipping redundant alignment 1049001 1049768 | 2982665 2981898 | 768 768 | 98.83 | gi_48994873_gb_U00096.2_ tig00000001
		Skipping redundant alignment 3581450 3582218 | 2982666 2981898 | 769 769 | 100.0 | gi_48994873_gb_U00096.2_ tig00000001
		Skipping redundant alignment 273179 274373 | 4024748 4023554 | 1195 1195 | 100.0 | gi_48994873_gb_U00096.2_ tig00000001
		Skipping redundant alignment 2099773 2100970 | 4024748 4023551 | 1198 1198 | 100.0 | gi_48994873_gb_U00096.2_ tig00000001
		Skipping redundant alignment 2064180 2065377 | 4024751 4023554 | 1198 1198 | 99.58 | gi_48994873_gb_U00096.2_ tig00000001
		Skipping redundant alignment 687070 688272 | 4024752 4023550 | 1203 1203 | 100.0 | gi_48994873_gb_U00096.2_ tig00000001
		Skipping redundant alignment 3363574 3364776 | 4024752 4023550 | 1203 1203 | 100.0 | gi_48994873_gb_U00096.2_ tig00000001
		Skipping redundant alignment 1394063 1395266 | 4023549 4024752 | 1204 1204 | 100.0 | gi_48994873_gb_U00096.2_ tig00000001
		Skipping redundant alignment 573809 575012 | 4024753 4023550 | 1204 1204 | 100.0 | gi_48994873_gb_U00096.2_ tig00000001
		Skipping redundant alignment 3128165 3129368 | 4023551 4024754 | 1204 1204 | 100.0 | gi_48994873_gb_U00096.2_ tig00000001
		Skipping redundant alignment 3650053 3651257 | 4024754 4023550 | 1205 1205 | 100.0 | gi_48994873_gb_U00096.2_ tig00000001
		Skipping redundant alignment 19796 20563 | 4597060 4597827 | 768 768 | 100.0 | gi_48994873_gb_U00096.2_ tig00000001
		Skipping redundant alignment 289858 290625 | 4597060 4597827 | 768 768 | 98.83 | gi_48994873_gb_U00096.2_ tig00000001
		Skipping redundant alignment 3581451 3582219 | 4597827 4597059 | 769 769 | 100.0 | gi_48994873_gb_U00096.2_ tig00000001
		Skipping redundant alignment 278386 279154 | 4597059 4597827 | 769 769 | 98.83 | gi_48994873_gb_U00096.2_ tig00000001
		Skipping redundant alignment 1048999 1049769 | 4597829 4597059 | 771 771 | 98.83 | gi_48994873_gb_U00096.2_ tig00000001
		This contig has several significant sets of alignments. [An ambiguously mapped contig]
		Using only the very best set (option --ambiguity-usage is set to "one").
			The best set is below. Score: 4650589.6, number of alignments: 12, unaligned bases: 0
		This contig is misassembled.
			Excluding internal overlap of size 488 between Alignment 1 and 2: 4293971 4639675 | 2378339 2724012 | 345705 345674 --> 4294457 4639675 | 2378827 2724012 | 345219 345186
			Real Alignment 1: 1915283 4294345 | 1 2378826 | 2379063 2378826 | 99.99 | gi_48994873_gb_U00096.2_ tig00000001
			  Gap between these two alignments (local misassembly). Inconsistency = 111
			Real Alignment 2: 4294457 4639675 | 2378827 2724012 | 345219 345186 | 99.99 | gi_48994873_gb_U00096.2_ tig00000001
			  Not a misassembly [linear representation of circular genome] between these two alignments
			Real Alignment 3: 1 257907 | 2724013 2981897 | 257907 257885 | 99.99 | gi_48994873_gb_U00096.2_ tig00000001
			  Extensive misassembly (relocation, inconsistency = -238112) between these two alignments
			Excluding internal overlap of size 1 between Alignment 4 and 5: 19796 20564 | 2981898 2982666 | 769 769 --> 19796 20563 | 2981898 2982665 | 768 768
			Real Alignment 4: 19796 20563 | 2981898 2982665 | 768 768 | 100.0 | gi_48994873_gb_U00096.2_ tig00000001
			  Extensive misassembly (relocation, inconsistency = 237336) between these two alignments
			Excluding internal overlap of size 441 between Alignment 5 and 6: 1096184 1207028 | 3821037 3931867 | 110845 110831 --> 1096626 1207028 | 3821478 3931867 | 110403 110390
			Real Alignment 5: 257900 1096806 | 2982666 3821477 | 838907 838812 | 99.99 | gi_48994873_gb_U00096.2_ tig00000001
			  Overlap between these two alignments (local misassembly). Inconsistency = -181
			Real Alignment 6: 1096626 1207028 | 3821478 3931867 | 110403 110390 | 99.98 | gi_48994873_gb_U00096.2_ tig00000001
			  Extensive misassembly (inversion) between these two alignments
			Real Alignment 7: 1207029 1208825 | 3933664 3931868 | 1797 1797 | 100.0 | gi_48994873_gb_U00096.2_ tig00000001
			  Extensive misassembly (inversion) between these two alignments
			Real Alignment 8: 1208826 1298721 | 3933665 4023553 | 89896 89889 | 99.99 | gi_48994873_gb_U00096.2_ tig00000001
			  Extensive misassembly (relocation, inconsistency = 988219) between these two alignments
			Real Alignment 9: 2286941 2288135 | 4024748 4023554 | 1195 1195 | 100.0 | gi_48994873_gb_U00096.2_ tig00000001
			  Extensive misassembly (relocation, inconsistency = 415877) between these two alignments
			Real Alignment 10: 1298718 1871063 | 4024749 4597059 | 572346 572311 | 99.99 | gi_48994873_gb_U00096.2_ tig00000001
			  Extensive misassembly (relocation, inconsistency = 105463) between these two alignments
			Excluding internal overlap of size 1 between Alignment 11 and 12: 1976527 1977295 | 4597060 4597828 | 769 769 --> 1976527 1977294 | 4597060 4597827 | 768 768
			Real Alignment 11: 1976527 1977294 | 4597060 4597827 | 768 768 | 100.0 | gi_48994873_gb_U00096.2_ tig00000001
			  Extensive misassembly (relocation, inconsistency = -106240) between these two alignments
			Real Alignment 12: 1871055 1926402 | 4597828 4653172 | 55348 55345 | 99.97 | gi_48994873_gb_U00096.2_ tig00000001

Analyzing coverage...
Writing SNPs into /Users/alexey/PycharmProjects/NGS-Homeworks/data/5/quast_out/contigs_reports/minimap_output/pacbio_80x.used_snps.gz

Analysis is finished!
Founded SNPs were written into /Users/alexey/PycharmProjects/NGS-Homeworks/data/5/quast_out/contigs_reports/minimap_output/pacbio_80x.used_snps.gz

Results:
	Local Misassemblies: 2
	Misassemblies: 8
		Relocations: 6
		Translocations: 0
		Inversions: 2
	Scaffold gap extensive misassemblies: 0
	Scaffold gap local misassemblies: 0
	Misassembled Contigs: 1
	Misassembled Contig Bases: 4653172
	Misassemblies Inter-Contig Overlap: 0
Unaligned Contigs: 0 + 0 part
Half Unaligned Contigs with Misassemblies: 0
Unaligned Contig Bases: 0

Ambiguously Mapped Contigs: 1
Total Bases in Ambiguously Mapped Contigs: 4653172
Extra Bases in Ambiguously Mapped Contigs: 0
Note that --allow-ambiguity option was set to "one" and only first alignment per each of these contigs was used.

	Covered Bases: 4639564

	SNPs: 15
	Insertions: 10
	Deletions: 455

